INFO: [v++ 60-1306] Additional information associated with this v++ link can be found at:
	Reports: /home/CONNECT/xmeng027/work/ScaleOutKeyswitch/CinnamonHLS/build/hw/_tmp_link/reports/link
	Log files: /home/CONNECT/xmeng027/work/ScaleOutKeyswitch/CinnamonHLS/build/hw/_tmp_link/logs/link
INFO: [v++ 60-1548] Creating build summary session with primary output /home/CONNECT/xmeng027/work/ScaleOutKeyswitch/CinnamonHLS/build/hw/cinnamon_fpga.hw.xclbin.link_summary, at Fri Apr 10 01:33:11 2026
INFO: [v++ 60-1315] Creating rulecheck session with output '/home/CONNECT/xmeng027/work/ScaleOutKeyswitch/CinnamonHLS/build/hw/_tmp_link/reports/link/v++_link_cinnamon_fpga.hw_guidance.html', at Fri Apr 10 01:33:11 2026
INFO: [v++ 60-895]   Target platform: /opt/xilinx/platforms/xilinx_u55c_gen3x16_xdma_3_202210_1/xilinx_u55c_gen3x16_xdma_3_202210_1.xpfm
INFO: [v++ 60-1578]   This platform contains Xilinx Shell Archive '/opt/xilinx/platforms/xilinx_u55c_gen3x16_xdma_3_202210_1/hw/hw.xsa'
INFO: [v++ 74-78] Compiler Version string: 2024.1
INFO: [v++ 60-1302] Platform 'xilinx_u55c_gen3x16_xdma_3_202210_1.xpfm' has been explicitly enabled for this release.
INFO: [v++ 60-629] Linking for hardware target
INFO: [v++ 60-423]   Target device: xilinx_u55c_gen3x16_xdma_3_202210_1
INFO: [v++ 60-1332] Run 'run_link' status: Not started
INFO: [v++ 60-1443] [01:33:34] Run run_link: Step system_link: Started
INFO: [v++ 60-1453] Command Line: system_link --xo /home/CONNECT/xmeng027/work/ScaleOutKeyswitch/CinnamonHLS/build/hw/cinnamon_memory.xo --xo /home/CONNECT/xmeng027/work/ScaleOutKeyswitch/CinnamonHLS/build/hw/cinnamon_arithmetic.xo --xo /home/CONNECT/xmeng027/work/ScaleOutKeyswitch/CinnamonHLS/build/hw/cinnamon_montgomery.xo --xo /home/CONNECT/xmeng027/work/ScaleOutKeyswitch/CinnamonHLS/build/hw/cinnamon_ntt.xo --xo /home/CONNECT/xmeng027/work/ScaleOutKeyswitch/CinnamonHLS/build/hw/cinnamon_base_conv.xo --xo /home/CONNECT/xmeng027/work/ScaleOutKeyswitch/CinnamonHLS/build/hw/cinnamon_automorphism.xo --xo /home/CONNECT/xmeng027/work/ScaleOutKeyswitch/CinnamonHLS/build/hw/cinnamon_transpose.xo --xo /home/CONNECT/xmeng027/work/ScaleOutKeyswitch/CinnamonHLS/build/hw/cinnamon_dispatch.xo -keep --config /home/CONNECT/xmeng027/work/ScaleOutKeyswitch/CinnamonHLS/build/hw/_tmp_link/link/int/syslinkConfig.ini --xpfm /opt/xilinx/platforms/xilinx_u55c_gen3x16_xdma_3_202210_1/xilinx_u55c_gen3x16_xdma_3_202210_1.xpfm --target hw --output_dir /home/CONNECT/xmeng027/work/ScaleOutKeyswitch/CinnamonHLS/build/hw/_tmp_link/link/int --temp_dir /home/CONNECT/xmeng027/work/ScaleOutKeyswitch/CinnamonHLS/build/hw/_tmp_link/link/sys_link
INFO: [v++ 60-1454] Run Directory: /home/CONNECT/xmeng027/work/ScaleOutKeyswitch/CinnamonHLS/build/hw/_tmp_link/link/run_link
INFO: [SYSTEM_LINK 82-70] Extracting xo v3 file /home/CONNECT/xmeng027/work/ScaleOutKeyswitch/CinnamonHLS/build/hw/cinnamon_memory.xo
INFO: [SYSTEM_LINK 82-70] Extracting xo v3 file /home/CONNECT/xmeng027/work/ScaleOutKeyswitch/CinnamonHLS/build/hw/cinnamon_arithmetic.xo
INFO: [SYSTEM_LINK 82-70] Extracting xo v3 file /home/CONNECT/xmeng027/work/ScaleOutKeyswitch/CinnamonHLS/build/hw/cinnamon_montgomery.xo
INFO: [SYSTEM_LINK 82-70] Extracting xo v3 file /home/CONNECT/xmeng027/work/ScaleOutKeyswitch/CinnamonHLS/build/hw/cinnamon_ntt.xo
INFO: [SYSTEM_LINK 82-70] Extracting xo v3 file /home/CONNECT/xmeng027/work/ScaleOutKeyswitch/CinnamonHLS/build/hw/cinnamon_base_conv.xo
INFO: [SYSTEM_LINK 82-70] Extracting xo v3 file /home/CONNECT/xmeng027/work/ScaleOutKeyswitch/CinnamonHLS/build/hw/cinnamon_automorphism.xo
INFO: [SYSTEM_LINK 82-70] Extracting xo v3 file /home/CONNECT/xmeng027/work/ScaleOutKeyswitch/CinnamonHLS/build/hw/cinnamon_transpose.xo
INFO: [SYSTEM_LINK 82-70] Extracting xo v3 file /home/CONNECT/xmeng027/work/ScaleOutKeyswitch/CinnamonHLS/build/hw/cinnamon_dispatch.xo
INFO: [SYSTEM_LINK 82-53] Creating IP database /home/CONNECT/xmeng027/work/ScaleOutKeyswitch/CinnamonHLS/build/hw/_tmp_link/link/sys_link/_sysl/.cdb/xd_ip_db.xml
INFO: [SYSTEM_LINK 82-38] [01:33:41] build_xd_ip_db started: /data-hdd/opt/Xilinx/Vitis/2024.1/bin/build_xd_ip_db -ip_search 0  -sds-pf /home/CONNECT/xmeng027/work/ScaleOutKeyswitch/CinnamonHLS/build/hw/_tmp_link/link/sys_link/hw.hpfm -clkid 0 -ip /home/CONNECT/xmeng027/work/ScaleOutKeyswitch/CinnamonHLS/build/hw/_tmp_link/link/sys_link/iprepo/xilinx_com_hls_cinnamon_montgomery_1_0,cinnamon_montgomery -ip /home/CONNECT/xmeng027/work/ScaleOutKeyswitch/CinnamonHLS/build/hw/_tmp_link/link/sys_link/iprepo/xilinx_com_hls_cinnamon_transpose_1_0,cinnamon_transpose -ip /home/CONNECT/xmeng027/work/ScaleOutKeyswitch/CinnamonHLS/build/hw/_tmp_link/link/sys_link/iprepo/xilinx_com_hls_cinnamon_dispatch_1_0,cinnamon_dispatch -ip /home/CONNECT/xmeng027/work/ScaleOutKeyswitch/CinnamonHLS/build/hw/_tmp_link/link/sys_link/iprepo/xilinx_com_hls_cinnamon_arithmetic_1_0,cinnamon_arithmetic -ip /home/CONNECT/xmeng027/work/ScaleOutKeyswitch/CinnamonHLS/build/hw/_tmp_link/link/sys_link/iprepo/xilinx_com_hls_cinnamon_ntt_1_0,cinnamon_ntt -ip /home/CONNECT/xmeng027/work/ScaleOutKeyswitch/CinnamonHLS/build/hw/_tmp_link/link/sys_link/iprepo/xilinx_com_hls_cinnamon_memory_1_0,cinnamon_memory -ip /home/CONNECT/xmeng027/work/ScaleOutKeyswitch/CinnamonHLS/build/hw/_tmp_link/link/sys_link/iprepo/xilinx_com_hls_cinnamon_automorphism_1_0,cinnamon_automorphism -ip /home/CONNECT/xmeng027/work/ScaleOutKeyswitch/CinnamonHLS/build/hw/_tmp_link/link/sys_link/iprepo/xilinx_com_hls_cinnamon_base_conv_1_0,cinnamon_base_conv -o /home/CONNECT/xmeng027/work/ScaleOutKeyswitch/CinnamonHLS/build/hw/_tmp_link/link/sys_link/_sysl/.cdb/xd_ip_db.xml
INFO: [SYSTEM_LINK 82-37] [01:33:53] build_xd_ip_db finished successfully
Time (s): cpu = 00:00:11 ; elapsed = 00:00:12 . Memory (MB): peak = 465.039 ; gain = 0.000 ; free physical = 2005560 ; free virtual = 2054890
INFO: [SYSTEM_LINK 82-51] Create system connectivity graph
INFO: [SYSTEM_LINK 82-102] Applying explicit connections to the system connectivity graph: /home/CONNECT/xmeng027/work/ScaleOutKeyswitch/CinnamonHLS/build/hw/_tmp_link/link/sys_link/cfgraph/cfgen_cfgraph.xml
INFO: [SYSTEM_LINK 82-38] [01:33:53] cfgen started: /data-hdd/opt/Xilinx/Vitis/2024.1/bin/cfgen  -sp cinnamon_memory_1.instructions:HBM[0] -sp cinnamon_memory_1.inputs:HBM[1] -sp cinnamon_memory_1.outputs:HBM[2] -dpa_mem_offload false -dpa_aie_mem_offload false -dmclkid 0 -r /home/CONNECT/xmeng027/work/ScaleOutKeyswitch/CinnamonHLS/build/hw/_tmp_link/link/sys_link/_sysl/.cdb/xd_ip_db.xml -o /home/CONNECT/xmeng027/work/ScaleOutKeyswitch/CinnamonHLS/build/hw/_tmp_link/link/sys_link/cfgraph/cfgen_cfgraph.xml
INFO: [CFGEN 83-0] Kernel Specs: 
INFO: [CFGEN 83-0]   kernel: cinnamon_arithmetic, num: 1  {cinnamon_arithmetic_1}
INFO: [CFGEN 83-0]   kernel: cinnamon_automorphism, num: 1  {cinnamon_automorphism_1}
INFO: [CFGEN 83-0]   kernel: cinnamon_base_conv, num: 1  {cinnamon_base_conv_1}
INFO: [CFGEN 83-0]   kernel: cinnamon_dispatch, num: 1  {cinnamon_dispatch_1}
INFO: [CFGEN 83-0]   kernel: cinnamon_memory, num: 1  {cinnamon_memory_1}
INFO: [CFGEN 83-0]   kernel: cinnamon_montgomery, num: 1  {cinnamon_montgomery_1}
INFO: [CFGEN 83-0]   kernel: cinnamon_ntt, num: 1  {cinnamon_ntt_1}
INFO: [CFGEN 83-0]   kernel: cinnamon_transpose, num: 1  {cinnamon_transpose_1}
INFO: [CFGEN 83-0] Port Specs: 
INFO: [CFGEN 83-0]   kernel: cinnamon_memory_1, k_port: instructions, sptag: HBM[0]
INFO: [CFGEN 83-0]   kernel: cinnamon_memory_1, k_port: inputs, sptag: HBM[1]
INFO: [CFGEN 83-0]   kernel: cinnamon_memory_1, k_port: outputs, sptag: HBM[2]
INFO: [CFGEN 83-2226] Inferring mapping for argument cinnamon_arithmetic_1.instructions to HBM[0]
INFO: [CFGEN 83-2226] Inferring mapping for argument cinnamon_arithmetic_1.inputs to HBM[1]
INFO: [CFGEN 83-2226] Inferring mapping for argument cinnamon_arithmetic_1.outputs to HBM[2]
INFO: [CFGEN 83-2226] Inferring mapping for argument cinnamon_automorphism_1.instructions to HBM[0]
INFO: [CFGEN 83-2226] Inferring mapping for argument cinnamon_automorphism_1.inputs to HBM[1]
INFO: [CFGEN 83-2226] Inferring mapping for argument cinnamon_automorphism_1.outputs to HBM[2]
INFO: [CFGEN 83-2226] Inferring mapping for argument cinnamon_base_conv_1.instructions to HBM[0]
INFO: [CFGEN 83-2226] Inferring mapping for argument cinnamon_base_conv_1.inputs to HBM[1]
INFO: [CFGEN 83-2226] Inferring mapping for argument cinnamon_base_conv_1.outputs to HBM[2]
INFO: [CFGEN 83-2226] Inferring mapping for argument cinnamon_dispatch_1.instructions to HBM[0]
INFO: [CFGEN 83-2226] Inferring mapping for argument cinnamon_dispatch_1.inputs to HBM[1]
INFO: [CFGEN 83-2226] Inferring mapping for argument cinnamon_dispatch_1.outputs to HBM[2]
INFO: [CFGEN 83-2226] Inferring mapping for argument cinnamon_montgomery_1.instructions to HBM[0]
INFO: [CFGEN 83-2226] Inferring mapping for argument cinnamon_montgomery_1.inputs to HBM[1]
INFO: [CFGEN 83-2226] Inferring mapping for argument cinnamon_montgomery_1.outputs to HBM[2]
INFO: [CFGEN 83-2226] Inferring mapping for argument cinnamon_ntt_1.instructions to HBM[0]
INFO: [CFGEN 83-2226] Inferring mapping for argument cinnamon_ntt_1.inputs to HBM[1]
INFO: [CFGEN 83-2226] Inferring mapping for argument cinnamon_ntt_1.outputs to HBM[2]
INFO: [CFGEN 83-2226] Inferring mapping for argument cinnamon_transpose_1.instructions to HBM[0]
INFO: [CFGEN 83-2226] Inferring mapping for argument cinnamon_transpose_1.inputs to HBM[1]
INFO: [CFGEN 83-2226] Inferring mapping for argument cinnamon_transpose_1.outputs to HBM[2]
INFO: [SYSTEM_LINK 82-37] [01:34:02] cfgen finished successfully
Time (s): cpu = 00:00:08 ; elapsed = 00:00:09 . Memory (MB): peak = 465.039 ; gain = 0.000 ; free physical = 2005037 ; free virtual = 2054894
INFO: [SYSTEM_LINK 82-52] Create top-level block diagram
INFO: [SYSTEM_LINK 82-38] [01:34:02] cf2bd started: /data-hdd/opt/Xilinx/Vitis/2024.1/bin/cf2bd  --linux --trace_buffer 1024 --input_file /home/CONNECT/xmeng027/work/ScaleOutKeyswitch/CinnamonHLS/build/hw/_tmp_link/link/sys_link/cfgraph/cfgen_cfgraph.xml --ip_db /home/CONNECT/xmeng027/work/ScaleOutKeyswitch/CinnamonHLS/build/hw/_tmp_link/link/sys_link/_sysl/.cdb/xd_ip_db.xml --cf_name dr --working_dir /home/CONNECT/xmeng027/work/ScaleOutKeyswitch/CinnamonHLS/build/hw/_tmp_link/link/sys_link/_sysl/.xsd --temp_dir /home/CONNECT/xmeng027/work/ScaleOutKeyswitch/CinnamonHLS/build/hw/_tmp_link/link/sys_link --output_dir /home/CONNECT/xmeng027/work/ScaleOutKeyswitch/CinnamonHLS/build/hw/_tmp_link/link/int --target_bd ulp.bd
INFO: [CF2BD 82-31] Launching cf2xd: cf2xd -linux -trace-buffer 1024 -i /home/CONNECT/xmeng027/work/ScaleOutKeyswitch/CinnamonHLS/build/hw/_tmp_link/link/sys_link/cfgraph/cfgen_cfgraph.xml -r /home/CONNECT/xmeng027/work/ScaleOutKeyswitch/CinnamonHLS/build/hw/_tmp_link/link/sys_link/_sysl/.cdb/xd_ip_db.xml -o dr.xml
INFO: [CF2BD 82-28] cf2xd finished successfully
INFO: [CF2BD 82-31] Launching cf_xsd: cf_xsd -disable-address-gen -bd ulp.bd -dn dr -dp /home/CONNECT/xmeng027/work/ScaleOutKeyswitch/CinnamonHLS/build/hw/_tmp_link/link/sys_link/_sysl/.xsd
INFO: [CF2BD 82-28] cf_xsd finished successfully
INFO: [SYSTEM_LINK 82-37] [01:34:14] cf2bd finished successfully
Time (s): cpu = 00:00:10 ; elapsed = 00:00:12 . Memory (MB): peak = 465.039 ; gain = 0.000 ; free physical = 2004385 ; free virtual = 2054937
INFO: [v++ 60-1441] [01:34:14] Run run_link: Step system_link: Completed
Time (s): cpu = 00:00:31 ; elapsed = 00:00:40 . Memory (MB): peak = 477.816 ; gain = 0.000 ; free physical = 2004444 ; free virtual = 2054998
INFO: [v++ 60-1443] [01:34:14] Run run_link: Step cf2sw: Started
INFO: [v++ 60-1453] Command Line: cf2sw -sdsl /home/CONNECT/xmeng027/work/ScaleOutKeyswitch/CinnamonHLS/build/hw/_tmp_link/link/int/sdsl.dat -rtd /home/CONNECT/xmeng027/work/ScaleOutKeyswitch/CinnamonHLS/build/hw/_tmp_link/link/int/cf2sw.rtd -nofilter /home/CONNECT/xmeng027/work/ScaleOutKeyswitch/CinnamonHLS/build/hw/_tmp_link/link/int/cf2sw_full.rtd -xclbin /home/CONNECT/xmeng027/work/ScaleOutKeyswitch/CinnamonHLS/build/hw/_tmp_link/link/int/xclbin_orig.xml -o /home/CONNECT/xmeng027/work/ScaleOutKeyswitch/CinnamonHLS/build/hw/_tmp_link/link/int/xclbin_orig.1.xml
INFO: [v++ 60-1454] Run Directory: /home/CONNECT/xmeng027/work/ScaleOutKeyswitch/CinnamonHLS/build/hw/_tmp_link/link/run_link
INFO: [v++ 60-1441] [01:34:27] Run run_link: Step cf2sw: Completed
Time (s): cpu = 00:00:13 ; elapsed = 00:00:13 . Memory (MB): peak = 477.816 ; gain = 0.000 ; free physical = 2005537 ; free virtual = 2054795
INFO: [v++ 60-1443] [01:34:27] Run run_link: Step rtd2_system_diagram: Started
INFO: [v++ 60-1453] Command Line: rtd2SystemDiagram
INFO: [v++ 60-1454] Run Directory: /home/CONNECT/xmeng027/work/ScaleOutKeyswitch/CinnamonHLS/build/hw/_tmp_link/link/run_link
INFO: [v++ 60-1441] [01:34:28] Run run_link: Step rtd2_system_diagram: Completed
Time (s): cpu = 00:00:00 ; elapsed = 00:00:00.69 . Memory (MB): peak = 477.816 ; gain = 0.000 ; free physical = 2005487 ; free virtual = 2054776
INFO: [v++ 60-1443] [01:34:28] Run run_link: Step vpl: Started
INFO: [v++ 60-1453] Command Line: vpl -t hw -f xilinx_u55c_gen3x16_xdma_3_202210_1 -s --kernel_frequency 200 --remote_ip_cache /home/CONNECT/xmeng027/work/ScaleOutKeyswitch/.ipcache --output_dir /home/CONNECT/xmeng027/work/ScaleOutKeyswitch/CinnamonHLS/build/hw/_tmp_link/link/int --log_dir /home/CONNECT/xmeng027/work/ScaleOutKeyswitch/CinnamonHLS/build/hw/_tmp_link/logs/link --report_dir /home/CONNECT/xmeng027/work/ScaleOutKeyswitch/CinnamonHLS/build/hw/_tmp_link/reports/link --config /home/CONNECT/xmeng027/work/ScaleOutKeyswitch/CinnamonHLS/build/hw/_tmp_link/link/int/vplConfig.ini -k /home/CONNECT/xmeng027/work/ScaleOutKeyswitch/CinnamonHLS/build/hw/_tmp_link/link/int/kernel_info.dat --webtalk_flag Vitis --temp_dir /home/CONNECT/xmeng027/work/ScaleOutKeyswitch/CinnamonHLS/build/hw/_tmp_link/link --no-info --iprepo /home/CONNECT/xmeng027/work/ScaleOutKeyswitch/CinnamonHLS/build/hw/_tmp_link/link/int/xo/ip_repo/xilinx_com_hls_cinnamon_dispatch_1_0 --iprepo /home/CONNECT/xmeng027/work/ScaleOutKeyswitch/CinnamonHLS/build/hw/_tmp_link/link/int/xo/ip_repo/xilinx_com_hls_cinnamon_montgomery_1_0 --iprepo /home/CONNECT/xmeng027/work/ScaleOutKeyswitch/CinnamonHLS/build/hw/_tmp_link/link/int/xo/ip_repo/xilinx_com_hls_cinnamon_memory_1_0 --iprepo /home/CONNECT/xmeng027/work/ScaleOutKeyswitch/CinnamonHLS/build/hw/_tmp_link/link/int/xo/ip_repo/xilinx_com_hls_cinnamon_ntt_1_0 --iprepo /home/CONNECT/xmeng027/work/ScaleOutKeyswitch/CinnamonHLS/build/hw/_tmp_link/link/int/xo/ip_repo/xilinx_com_hls_cinnamon_transpose_1_0 --iprepo /home/CONNECT/xmeng027/work/ScaleOutKeyswitch/CinnamonHLS/build/hw/_tmp_link/link/int/xo/ip_repo/xilinx_com_hls_cinnamon_arithmetic_1_0 --iprepo /home/CONNECT/xmeng027/work/ScaleOutKeyswitch/CinnamonHLS/build/hw/_tmp_link/link/int/xo/ip_repo/xilinx_com_hls_cinnamon_base_conv_1_0 --iprepo /home/CONNECT/xmeng027/work/ScaleOutKeyswitch/CinnamonHLS/build/hw/_tmp_link/link/int/xo/ip_repo/xilinx_com_hls_cinnamon_automorphism_1_0 --messageDb /home/CONNECT/xmeng027/work/ScaleOutKeyswitch/CinnamonHLS/build/hw/_tmp_link/link/run_link/vpl.pb /home/CONNECT/xmeng027/work/ScaleOutKeyswitch/CinnamonHLS/build/hw/_tmp_link/link/int/dr.bd.tcl
INFO: [v++ 60-1454] Run Directory: /home/CONNECT/xmeng027/work/ScaleOutKeyswitch/CinnamonHLS/build/hw/_tmp_link/link/run_link

****** vpl v2024.1 (64-bit)
  **** SW Build 5074859 on 2024-05-20-23:21:20
  **** Start of session at: Fri Apr 10 01:34:30 2026
    ** Copyright 1986-2022 Xilinx, Inc. All Rights Reserved.
    ** Copyright 2022-2024 Advanced Micro Devices, Inc. All Rights Reserved.

INFO: [VPL 60-839] Read in kernel information from file '/home/CONNECT/xmeng027/work/ScaleOutKeyswitch/CinnamonHLS/build/hw/_tmp_link/link/int/kernel_info.dat'.
INFO: [VPL 74-78] Compiler Version string: 2024.1
INFO: [VPL 60-423]   Target device: xilinx_u55c_gen3x16_xdma_3_202210_1
INFO: [VPL 60-1032] Extracting hardware platform to /home/CONNECT/xmeng027/work/ScaleOutKeyswitch/CinnamonHLS/build/hw/_tmp_link/link/vivado/vpl/.local/hw_platform
[01:34:53] Run vpl: Step create_project: Started
Creating Vivado project.
[01:35:05] Run vpl: Step create_project: Completed
[01:35:05] Run vpl: Step create_bd: Started
[01:36:27] Run vpl: Step create_bd: RUNNING...
[01:36:30] Run vpl: Step create_bd: Completed
[01:36:30] Run vpl: Step update_bd: Started
[01:36:32] Run vpl: Step update_bd: Completed
[01:36:32] Run vpl: Step generate_target: Started
[01:37:49] Run vpl: Step generate_target: RUNNING...
[01:39:07] Run vpl: Step generate_target: RUNNING...
[01:40:24] Run vpl: Step generate_target: RUNNING...
[01:41:04] Run vpl: Step generate_target: Completed
[01:41:04] Run vpl: Step config_hw_runs: Started
[01:42:23] Run vpl: Step config_hw_runs: RUNNING...
[01:43:31] Run vpl: Step config_hw_runs: Completed
[01:43:31] Run vpl: Step synth: Started
[01:44:35] Block-level synthesis in progress, 0 of 225 jobs complete, 8 jobs running.
[01:45:06] Block-level synthesis in progress, 0 of 225 jobs complete, 8 jobs running.
[01:45:39] Block-level synthesis in progress, 7 of 225 jobs complete, 1 job running.
[01:46:10] Block-level synthesis in progress, 9 of 225 jobs complete, 7 jobs running.
[01:46:42] Block-level synthesis in progress, 12 of 225 jobs complete, 7 jobs running.
[01:47:13] Block-level synthesis in progress, 15 of 225 jobs complete, 5 jobs running.
[01:47:45] Block-level synthesis in progress, 18 of 225 jobs complete, 6 jobs running.
[01:48:16] Block-level synthesis in progress, 20 of 225 jobs complete, 6 jobs running.
[01:48:48] Block-level synthesis in progress, 23 of 225 jobs complete, 6 jobs running.
[01:49:19] Block-level synthesis in progress, 28 of 225 jobs complete, 4 jobs running.
[01:49:50] Block-level synthesis in progress, 33 of 225 jobs complete, 3 jobs running.
[01:50:21] Block-level synthesis in progress, 35 of 225 jobs complete, 7 jobs running.
[01:51:03] Block-level synthesis in progress, 36 of 225 jobs complete, 7 jobs running.
[01:51:34] Block-level synthesis in progress, 38 of 225 jobs complete, 6 jobs running.
[01:52:05] Block-level synthesis in progress, 39 of 225 jobs complete, 7 jobs running.
[01:52:38] Block-level synthesis in progress, 41 of 225 jobs complete, 6 jobs running.
[01:53:09] Block-level synthesis in progress, 43 of 225 jobs complete, 7 jobs running.
[01:53:40] Block-level synthesis in progress, 46 of 225 jobs complete, 6 jobs running.
[01:54:12] Block-level synthesis in progress, 48 of 225 jobs complete, 6 jobs running.
[01:54:46] Block-level synthesis in progress, 49 of 225 jobs complete, 8 jobs running.
[01:55:17] Block-level synthesis in progress, 51 of 225 jobs complete, 6 jobs running.
[01:55:50] Block-level synthesis in progress, 54 of 225 jobs complete, 5 jobs running.
[01:56:22] Block-level synthesis in progress, 54 of 225 jobs complete, 8 jobs running.
[01:56:53] Block-level synthesis in progress, 54 of 225 jobs complete, 8 jobs running.
[01:57:25] Block-level synthesis in progress, 56 of 225 jobs complete, 6 jobs running.
[01:57:57] Block-level synthesis in progress, 57 of 225 jobs complete, 8 jobs running.
[01:58:54] Block-level synthesis in progress, 58 of 225 jobs complete, 7 jobs running.
[01:59:37] Block-level synthesis in progress, 60 of 225 jobs complete, 6 jobs running.
