INFO: [v++ 60-1306] Additional information associated with this v++ link can be found at:
	Reports: /home/CONNECT/xmeng027/work/ScaleOutKeyswitch/CinnamonHLS/build/sw_emu/_tmp_link/reports/link
	Log files: /home/CONNECT/xmeng027/work/ScaleOutKeyswitch/CinnamonHLS/build/sw_emu/_tmp_link/logs/link
INFO: [v++ 60-1548] Creating build summary session with primary output /home/CONNECT/xmeng027/work/ScaleOutKeyswitch/CinnamonHLS/build/sw_emu/cinnamon_fpga.sw_emu.xclbin.link_summary, at Thu Apr  9 16:27:57 2026
INFO: [v++ 60-1315] Creating rulecheck session with output '/home/CONNECT/xmeng027/work/ScaleOutKeyswitch/CinnamonHLS/build/sw_emu/_tmp_link/reports/link/v++_link_cinnamon_fpga.sw_emu_guidance.html', at Thu Apr  9 16:27:57 2026
INFO: [v++ 60-895]   Target platform: /opt/xilinx/platforms/xilinx_u55c_gen3x16_xdma_3_202210_1/xilinx_u55c_gen3x16_xdma_3_202210_1.xpfm
INFO: [v++ 60-1578]   This platform contains Xilinx Shell Archive '/opt/xilinx/platforms/xilinx_u55c_gen3x16_xdma_3_202210_1/hw/hw.xsa'
INFO: [v++ 74-78] Compiler Version string: 2024.1
INFO: [v++ 60-1302] Platform 'xilinx_u55c_gen3x16_xdma_3_202210_1.xpfm' has been explicitly enabled for this release.
INFO: [v++ 60-629] Linking for software emulation target
INFO: [v++ 60-423]   Target device: xilinx_u55c_gen3x16_xdma_3_202210_1
INFO: [v++ 60-645] kernel flags are '-I /home/CONNECT/xmeng027/work/ScaleOutKeyswitch/CinnamonHLS/include -I /home/CONNECT/xmeng027/work/ScaleOutKeyswitch/CinnamonHLS/kernels'
INFO: [v++ 60-645] kernel flags are '-I /home/CONNECT/xmeng027/work/ScaleOutKeyswitch/CinnamonHLS/include -I /home/CONNECT/xmeng027/work/ScaleOutKeyswitch/CinnamonHLS/kernels'
INFO: [v++ 60-645] kernel flags are '-I /home/CONNECT/xmeng027/work/ScaleOutKeyswitch/CinnamonHLS/include -I /home/CONNECT/xmeng027/work/ScaleOutKeyswitch/CinnamonHLS/kernels'
INFO: [v++ 60-645] kernel flags are '-I /home/CONNECT/xmeng027/work/ScaleOutKeyswitch/CinnamonHLS/include -I /home/CONNECT/xmeng027/work/ScaleOutKeyswitch/CinnamonHLS/kernels'
INFO: [v++ 60-645] kernel flags are '-I /home/CONNECT/xmeng027/work/ScaleOutKeyswitch/CinnamonHLS/include -I /home/CONNECT/xmeng027/work/ScaleOutKeyswitch/CinnamonHLS/kernels'
INFO: [v++ 60-645] kernel flags are '-I /home/CONNECT/xmeng027/work/ScaleOutKeyswitch/CinnamonHLS/include -I /home/CONNECT/xmeng027/work/ScaleOutKeyswitch/CinnamonHLS/kernels'
INFO: [v++ 60-645] kernel flags are '-I /home/CONNECT/xmeng027/work/ScaleOutKeyswitch/CinnamonHLS/include -I /home/CONNECT/xmeng027/work/ScaleOutKeyswitch/CinnamonHLS/kernels'
INFO: [v++ 60-645] kernel flags are '-I /home/CONNECT/xmeng027/work/ScaleOutKeyswitch/CinnamonHLS/include -I /home/CONNECT/xmeng027/work/ScaleOutKeyswitch/CinnamonHLS/kernels'
INFO: [v++ 60-586] Created /home/CONNECT/xmeng027/work/ScaleOutKeyswitch/CinnamonHLS/build/sw_emu/cinnamon_fpga.sw_emu.xclbin
INFO: [v++ 60-1307] Run completed. Additional information can be found in:
	Guidance: /home/CONNECT/xmeng027/work/ScaleOutKeyswitch/CinnamonHLS/build/sw_emu/_tmp_link/reports/link/v++_link_cinnamon_fpga.sw_emu_guidance.html
	Steps Log File: /home/CONNECT/xmeng027/work/ScaleOutKeyswitch/CinnamonHLS/build/sw_emu/_tmp_link/logs/link/link.steps.log

INFO: [v++ 60-2343] Use the Vitis Unified IDE to visualize and navigate the reports. Run the following command. 
    vitis -a/ --analyze /home/CONNECT/xmeng027/work/ScaleOutKeyswitch/CinnamonHLS/build/sw_emu/cinnamon_fpga.sw_emu.xclbin.link_summary 
INFO: [v++ 60-791] Total elapsed time: 0h 0m 14s
INFO: [v++ 60-1653] Closing dispatch client.
