INFO: [v++ 60-1306] Additional information associated with this v++ compile can be found at:
	Reports: /home/CONNECT/xmeng027/work/ScaleOutKeyswitch/CinnamonHLS/build/hw/_tmp_compile_cinnamon_montgomery/reports/cinnamon_montgomery
	Log files: /home/CONNECT/xmeng027/work/ScaleOutKeyswitch/CinnamonHLS/build/hw/_tmp_compile_cinnamon_montgomery/logs/cinnamon_montgomery
INFO: [v++ 60-1548] Creating build summary session with primary output /home/CONNECT/xmeng027/work/ScaleOutKeyswitch/CinnamonHLS/build/hw/cinnamon_montgomery.xo.compile_summary, at Fri Apr 10 01:22:22 2026
INFO: [v++ 60-1315] Creating rulecheck session with output '/home/CONNECT/xmeng027/work/ScaleOutKeyswitch/CinnamonHLS/build/hw/_tmp_compile_cinnamon_montgomery/reports/cinnamon_montgomery/v++_compile_cinnamon_montgomery_guidance.html', at Fri Apr 10 01:22:22 2026
INFO: [v++ 60-895]   Target platform: /opt/xilinx/platforms/xilinx_u55c_gen3x16_xdma_3_202210_1/xilinx_u55c_gen3x16_xdma_3_202210_1.xpfm
INFO: [v++ 60-1578]   This platform contains Xilinx Shell Archive '/opt/xilinx/platforms/xilinx_u55c_gen3x16_xdma_3_202210_1/hw/hw.xsa'
INFO: [v++ 74-78] Compiler Version string: 2024.1
INFO: [v++ 60-1302] Platform 'xilinx_u55c_gen3x16_xdma_3_202210_1.xpfm' has been explicitly enabled for this release.
INFO: [v++ 60-585] Compiling for hardware target
INFO: [v++ 60-423]   Target device: xilinx_u55c_gen3x16_xdma_3_202210_1
INFO: [v++ 60-242] Creating kernel: 'cinnamon_montgomery'
INFO: [v++ 60-1616] Creating a HLS clock using kernel_frequency option: 200 MHz

===>The following messages were generated while  performing high-level synthesis for kernel: cinnamon_montgomery Log file: /home/CONNECT/xmeng027/work/ScaleOutKeyswitch/CinnamonHLS/build/hw/_tmp_compile_cinnamon_montgomery/cinnamon_montgomery/cinnamon_montgomery/vitis_hls.log :
INFO: [v++ 204-61] Pipelining loop 'VITIS_LOOP_394_1'.
INFO: [v++ 200-1470] Pipelining result : Target II = 1, Final II = 1, Depth = 141, loop 'VITIS_LOOP_394_1'
INFO: [v++ 204-61] Pipelining loop 'VITIS_LOOP_263_1'.
INFO: [v++ 200-1470] Pipelining result : Target II = 1, Final II = 72, Depth = 72, loop 'VITIS_LOOP_263_1'
INFO: [v++ 204-61] Pipelining loop 'VITIS_LOOP_263_1'.
INFO: [v++ 200-1470] Pipelining result : Target II = 1, Final II = 72, Depth = 72, loop 'VITIS_LOOP_263_1'
INFO: [v++ 204-61] Pipelining loop 'VITIS_LOOP_324_1'.
INFO: [v++ 200-1470] Pipelining result : Target II = 1, Final II = 1, Depth = 8, loop 'VITIS_LOOP_324_1'
INFO: [v++ 204-61] Pipelining loop 'VITIS_LOOP_364_1'.
INFO: [v++ 200-1470] Pipelining result : Target II = 1, Final II = 1, Depth = 3, loop 'VITIS_LOOP_364_1'
INFO: [v++ 204-61] Pipelining loop 'VITIS_LOOP_368_2'.
INFO: [v++ 200-1470] Pipelining result : Target II = 1, Final II = 1, Depth = 3, loop 'VITIS_LOOP_368_2'
INFO: [v++ 200-790] **** Loop Constraint Status: All loop constraints were NOT satisfied.
INFO: [v++ 200-789] **** Estimated Fmax: 127.81 MHz
INFO: [v++ 60-594] Finished kernel compilation
INFO: [v++ 60-244] Generating system estimate report...
INFO: [v++ 60-1092] Generated system estimate report: /home/CONNECT/xmeng027/work/ScaleOutKeyswitch/CinnamonHLS/build/hw/_tmp_compile_cinnamon_montgomery/reports/cinnamon_montgomery/system_estimate_cinnamon_montgomery.xtxt
INFO: [v++ 60-586] Created /home/CONNECT/xmeng027/work/ScaleOutKeyswitch/CinnamonHLS/build/hw/cinnamon_montgomery.xo
INFO: [v++ 60-2343] Use the Vitis Unified IDE to visualize and navigate the reports. Run the following command. 
    vitis -a/ --analyze /home/CONNECT/xmeng027/work/ScaleOutKeyswitch/CinnamonHLS/build/hw/cinnamon_montgomery.xo.compile_summary 
INFO: [v++ 60-791] Total elapsed time: 0h 2m 1s
INFO: [v++ 60-1653] Closing dispatch client.
