INFO: [v++ 60-1306] Additional information associated with this v++ compile can be found at:
	Reports: /home/CONNECT/xmeng027/work/ScaleOutKeyswitch/CinnamonHLS/build/hw/_tmp_compile_cinnamon_dispatch/reports/cinnamon_dispatch
	Log files: /home/CONNECT/xmeng027/work/ScaleOutKeyswitch/CinnamonHLS/build/hw/_tmp_compile_cinnamon_dispatch/logs/cinnamon_dispatch
INFO: [v++ 60-1548] Creating build summary session with primary output /home/CONNECT/xmeng027/work/ScaleOutKeyswitch/CinnamonHLS/build/hw/cinnamon_dispatch.xo.compile_summary, at Fri Apr 10 15:00:30 2026
INFO: [v++ 60-1315] Creating rulecheck session with output '/home/CONNECT/xmeng027/work/ScaleOutKeyswitch/CinnamonHLS/build/hw/_tmp_compile_cinnamon_dispatch/reports/cinnamon_dispatch/v++_compile_cinnamon_dispatch_guidance.html', at Fri Apr 10 15:00:30 2026
INFO: [v++ 60-895]   Target platform: /opt/xilinx/platforms/xilinx_u55c_gen3x16_xdma_3_202210_1/xilinx_u55c_gen3x16_xdma_3_202210_1.xpfm
INFO: [v++ 60-1578]   This platform contains Xilinx Shell Archive '/opt/xilinx/platforms/xilinx_u55c_gen3x16_xdma_3_202210_1/hw/hw.xsa'
INFO: [v++ 74-78] Compiler Version string: 2024.1
INFO: [v++ 60-1302] Platform 'xilinx_u55c_gen3x16_xdma_3_202210_1.xpfm' has been explicitly enabled for this release.
INFO: [v++ 60-585] Compiling for hardware target
INFO: [v++ 60-423]   Target device: xilinx_u55c_gen3x16_xdma_3_202210_1
INFO: [v++ 60-242] Creating kernel: 'cinnamon_dispatch'
INFO: [v++ 60-1616] Creating a HLS clock using kernel_frequency option: 200 MHz

===>The following messages were generated while  performing high-level synthesis for kernel: cinnamon_dispatch Log file: /home/CONNECT/xmeng027/work/ScaleOutKeyswitch/CinnamonHLS/build/hw/_tmp_compile_cinnamon_dispatch/cinnamon_dispatch/cinnamon_dispatch/vitis_hls.log :
INFO: [v++ 204-61] Pipelining loop 'VITIS_LOOP_18_1'.
INFO: [v++ 200-1470] Pipelining result : Target II = 1, Final II = 1, Depth = 4, loop 'VITIS_LOOP_18_1'
INFO: [v++ 204-61] Pipelining loop 'VITIS_LOOP_24_2'.
INFO: [v++ 200-1470] Pipelining result : Target II = 1, Final II = 1, Depth = 4, loop 'VITIS_LOOP_24_2'
INFO: [v++ 204-61] Pipelining loop 'VITIS_LOOP_45_3'.
INFO: [v++ 200-1470] Pipelining result : Target II = 1, Final II = 1, Depth = 75, loop 'VITIS_LOOP_45_3'
INFO: [v++ 200-790] **** Loop Constraint Status: All loop constraints were satisfied.
INFO: [v++ 200-789] **** Estimated Fmax: 250.06 MHz
INFO: [v++ 60-594] Finished kernel compilation
INFO: [v++ 60-244] Generating system estimate report...
INFO: [v++ 60-1092] Generated system estimate report: /home/CONNECT/xmeng027/work/ScaleOutKeyswitch/CinnamonHLS/build/hw/_tmp_compile_cinnamon_dispatch/reports/cinnamon_dispatch/system_estimate_cinnamon_dispatch.xtxt
WARNING: [v++ 17-1525] IP definition with the same IP name already exists in XO container. Will overwrite the existing IP definition.
INFO: [v++ 60-586] Created /home/CONNECT/xmeng027/work/ScaleOutKeyswitch/CinnamonHLS/build/hw/cinnamon_dispatch.xo
INFO: [v++ 60-2343] Use the Vitis Unified IDE to visualize and navigate the reports. Run the following command. 
    vitis -a/ --analyze /home/CONNECT/xmeng027/work/ScaleOutKeyswitch/CinnamonHLS/build/hw/cinnamon_dispatch.xo.compile_summary 
INFO: [v++ 60-791] Total elapsed time: 0h 1m 22s
INFO: [v++ 60-1653] Closing dispatch client.
