INFO: [v++ 60-1306] Additional information associated with this v++ compile can be found at:
	Reports: /home/CONNECT/xmeng027/work/ScaleOutKeyswitch/CinnamonHLS/build/hw/_tmp_compile_cinnamon_memory/reports/cinnamon_memory
	Log files: /home/CONNECT/xmeng027/work/ScaleOutKeyswitch/CinnamonHLS/build/hw/_tmp_compile_cinnamon_memory/logs/cinnamon_memory
INFO: [v++ 60-1548] Creating build summary session with primary output /home/CONNECT/xmeng027/work/ScaleOutKeyswitch/CinnamonHLS/build/hw/cinnamon_memory.xo.compile_summary, at Fri Apr 10 01:18:30 2026
INFO: [v++ 60-1315] Creating rulecheck session with output '/home/CONNECT/xmeng027/work/ScaleOutKeyswitch/CinnamonHLS/build/hw/_tmp_compile_cinnamon_memory/reports/cinnamon_memory/v++_compile_cinnamon_memory_guidance.html', at Fri Apr 10 01:18:30 2026
INFO: [v++ 60-895]   Target platform: /opt/xilinx/platforms/xilinx_u55c_gen3x16_xdma_3_202210_1/xilinx_u55c_gen3x16_xdma_3_202210_1.xpfm
INFO: [v++ 60-1578]   This platform contains Xilinx Shell Archive '/opt/xilinx/platforms/xilinx_u55c_gen3x16_xdma_3_202210_1/hw/hw.xsa'
INFO: [v++ 74-78] Compiler Version string: 2024.1
INFO: [v++ 60-1302] Platform 'xilinx_u55c_gen3x16_xdma_3_202210_1.xpfm' has been explicitly enabled for this release.
INFO: [v++ 60-585] Compiling for hardware target
INFO: [v++ 60-423]   Target device: xilinx_u55c_gen3x16_xdma_3_202210_1
INFO: [v++ 60-242] Creating kernel: 'cinnamon_memory'
INFO: [v++ 60-1616] Creating a HLS clock using kernel_frequency option: 200 MHz

===>The following messages were generated while  performing high-level synthesis for kernel: cinnamon_memory Log file: /home/CONNECT/xmeng027/work/ScaleOutKeyswitch/CinnamonHLS/build/hw/_tmp_compile_cinnamon_memory/cinnamon_memory/cinnamon_memory/vitis_hls.log :
INFO: [v++ 204-61] Pipelining loop 'VITIS_LOOP_394_1'.
INFO: [v++ 200-1470] Pipelining result : Target II = 1, Final II = 1, Depth = 142, loop 'VITIS_LOOP_394_1'
INFO: [v++ 204-61] Pipelining loop 'VITIS_LOOP_154_3'.
INFO: [v++ 200-1470] Pipelining result : Target II = 1, Final II = 1, Depth = 74, loop 'VITIS_LOOP_154_3'
INFO: [v++ 204-61] Pipelining loop 'VITIS_LOOP_22_1'.
INFO: [v++ 200-1470] Pipelining result : Target II = 1, Final II = 1, Depth = 3, loop 'VITIS_LOOP_22_1'
INFO: [v++ 204-61] Pipelining loop 'VITIS_LOOP_202_5'.
WARNING: [v++ 200-885] The II Violation in module 'execute_memory_module_Pipeline_VITIS_LOOP_202_5' (loop 'VITIS_LOOP_202_5'): Unable to schedule bus request operation ('gmem1_load_8_req', /home/CONNECT/xmeng027/work/ScaleOutKeyswitch/CinnamonHLS/kernels/kernel_memory_module.hpp:210) on port 'gmem1' (/home/CONNECT/xmeng027/work/ScaleOutKeyswitch/CinnamonHLS/kernels/kernel_memory_module.hpp:210) due to limited memory ports (II = 1). Please consider using a memory core with more ports or partitioning the array.
Resolution: For help on HLS 200-885 see docs.xilinx.com/access/sources/dita/topic?Doc_Version=2024.1%20English&url=ug1448-hls-guidance&resourceid=200-885.html
INFO: [v++ 200-1470] Pipelining result : Target II = 1, Final II = 2, Depth = 76, loop 'VITIS_LOOP_202_5'
INFO: [v++ 204-61] Pipelining loop 'VITIS_LOOP_70_1'.
INFO: [v++ 200-1470] Pipelining result : Target II = 1, Final II = 2, Depth = 2, loop 'VITIS_LOOP_70_1'
INFO: [v++ 204-61] Pipelining loop 'VITIS_LOOP_263_1'.
INFO: [v++ 200-1470] Pipelining result : Target II = 1, Final II = 72, Depth = 72, loop 'VITIS_LOOP_263_1'
INFO: [v++ 204-61] Pipelining loop 'VITIS_LOOP_324_1'.
INFO: [v++ 200-1470] Pipelining result : Target II = 1, Final II = 1, Depth = 8, loop 'VITIS_LOOP_324_1'
INFO: [v++ 204-61] Pipelining loop 'VITIS_LOOP_364_1'.
INFO: [v++ 200-1470] Pipelining result : Target II = 1, Final II = 1, Depth = 3, loop 'VITIS_LOOP_364_1'
INFO: [v++ 204-61] Pipelining loop 'VITIS_LOOP_368_2'.
INFO: [v++ 200-1470] Pipelining result : Target II = 1, Final II = 1, Depth = 3, loop 'VITIS_LOOP_368_2'
INFO: [v++ 200-790] **** Loop Constraint Status: All loop constraints were NOT satisfied.
INFO: [v++ 200-789] **** Estimated Fmax: 134.46 MHz
INFO: [v++ 60-594] Finished kernel compilation
INFO: [v++ 60-244] Generating system estimate report...
INFO: [v++ 60-1092] Generated system estimate report: /home/CONNECT/xmeng027/work/ScaleOutKeyswitch/CinnamonHLS/build/hw/_tmp_compile_cinnamon_memory/reports/cinnamon_memory/system_estimate_cinnamon_memory.xtxt
INFO: [v++ 60-586] Created /home/CONNECT/xmeng027/work/ScaleOutKeyswitch/CinnamonHLS/build/hw/cinnamon_memory.xo
INFO: [v++ 60-2343] Use the Vitis Unified IDE to visualize and navigate the reports. Run the following command. 
    vitis -a/ --analyze /home/CONNECT/xmeng027/work/ScaleOutKeyswitch/CinnamonHLS/build/hw/cinnamon_memory.xo.compile_summary 
INFO: [v++ 60-791] Total elapsed time: 0h 1m 56s
INFO: [v++ 60-1653] Closing dispatch client.
