INFO: [v++ 60-1306] Additional information associated with this v++ link can be found at:
	Reports: /home/CONNECT/xmeng027/work/ScaleOutKeyswitch/CinnamonHLS/build/hw/_tmp_link/reports/link
	Log files: /home/CONNECT/xmeng027/work/ScaleOutKeyswitch/CinnamonHLS/build/hw/_tmp_link/logs/link
INFO: [v++ 60-1548] Creating build summary session with primary output /home/CONNECT/xmeng027/work/ScaleOutKeyswitch/CinnamonHLS/build/hw/cinnamon_fpga.hw.xclbin.link_summary, at Fri Apr 10 15:02:07 2026
INFO: [v++ 60-1315] Creating rulecheck session with output '/home/CONNECT/xmeng027/work/ScaleOutKeyswitch/CinnamonHLS/build/hw/_tmp_link/reports/link/v++_link_cinnamon_fpga.hw_guidance.html', at Fri Apr 10 15:02:07 2026
INFO: [v++ 60-895]   Target platform: /opt/xilinx/platforms/xilinx_u55c_gen3x16_xdma_3_202210_1/xilinx_u55c_gen3x16_xdma_3_202210_1.xpfm
INFO: [v++ 60-1578]   This platform contains Xilinx Shell Archive '/opt/xilinx/platforms/xilinx_u55c_gen3x16_xdma_3_202210_1/hw/hw.xsa'
INFO: [v++ 74-78] Compiler Version string: 2024.1
INFO: [v++ 60-1302] Platform 'xilinx_u55c_gen3x16_xdma_3_202210_1.xpfm' has been explicitly enabled for this release.
INFO: [v++ 60-629] Linking for hardware target
INFO: [v++ 60-423]   Target device: xilinx_u55c_gen3x16_xdma_3_202210_1
INFO: [v++ 60-1332] Run 'run_link' status: Not started
INFO: [v++ 60-1443] [15:02:17] Run run_link: Step system_link: Started
INFO: [v++ 60-1453] Command Line: system_link --xo /home/CONNECT/xmeng027/work/ScaleOutKeyswitch/CinnamonHLS/build/hw/cinnamon_memory.xo --xo /home/CONNECT/xmeng027/work/ScaleOutKeyswitch/CinnamonHLS/build/hw/cinnamon_arithmetic.xo --xo /home/CONNECT/xmeng027/work/ScaleOutKeyswitch/CinnamonHLS/build/hw/cinnamon_montgomery.xo --xo /home/CONNECT/xmeng027/work/ScaleOutKeyswitch/CinnamonHLS/build/hw/cinnamon_ntt.xo --xo /home/CONNECT/xmeng027/work/ScaleOutKeyswitch/CinnamonHLS/build/hw/cinnamon_base_conv.xo --xo /home/CONNECT/xmeng027/work/ScaleOutKeyswitch/CinnamonHLS/build/hw/cinnamon_automorphism.xo --xo /home/CONNECT/xmeng027/work/ScaleOutKeyswitch/CinnamonHLS/build/hw/cinnamon_transpose.xo --xo /home/CONNECT/xmeng027/work/ScaleOutKeyswitch/CinnamonHLS/build/hw/cinnamon_dispatch.xo -keep --config /home/CONNECT/xmeng027/work/ScaleOutKeyswitch/CinnamonHLS/build/hw/_tmp_link/link/int/syslinkConfig.ini --xpfm /opt/xilinx/platforms/xilinx_u55c_gen3x16_xdma_3_202210_1/xilinx_u55c_gen3x16_xdma_3_202210_1.xpfm --target hw --output_dir /home/CONNECT/xmeng027/work/ScaleOutKeyswitch/CinnamonHLS/build/hw/_tmp_link/link/int --temp_dir /home/CONNECT/xmeng027/work/ScaleOutKeyswitch/CinnamonHLS/build/hw/_tmp_link/link/sys_link
INFO: [v++ 60-1454] Run Directory: /home/CONNECT/xmeng027/work/ScaleOutKeyswitch/CinnamonHLS/build/hw/_tmp_link/link/run_link
INFO: [SYSTEM_LINK 82-70] Extracting xo v3 file /home/CONNECT/xmeng027/work/ScaleOutKeyswitch/CinnamonHLS/build/hw/cinnamon_memory.xo
INFO: [SYSTEM_LINK 82-70] Extracting xo v3 file /home/CONNECT/xmeng027/work/ScaleOutKeyswitch/CinnamonHLS/build/hw/cinnamon_arithmetic.xo
INFO: [SYSTEM_LINK 82-70] Extracting xo v3 file /home/CONNECT/xmeng027/work/ScaleOutKeyswitch/CinnamonHLS/build/hw/cinnamon_montgomery.xo
INFO: [SYSTEM_LINK 82-70] Extracting xo v3 file /home/CONNECT/xmeng027/work/ScaleOutKeyswitch/CinnamonHLS/build/hw/cinnamon_ntt.xo
INFO: [SYSTEM_LINK 82-70] Extracting xo v3 file /home/CONNECT/xmeng027/work/ScaleOutKeyswitch/CinnamonHLS/build/hw/cinnamon_base_conv.xo
INFO: [SYSTEM_LINK 82-70] Extracting xo v3 file /home/CONNECT/xmeng027/work/ScaleOutKeyswitch/CinnamonHLS/build/hw/cinnamon_automorphism.xo
INFO: [SYSTEM_LINK 82-70] Extracting xo v3 file /home/CONNECT/xmeng027/work/ScaleOutKeyswitch/CinnamonHLS/build/hw/cinnamon_transpose.xo
INFO: [SYSTEM_LINK 82-70] Extracting xo v3 file /home/CONNECT/xmeng027/work/ScaleOutKeyswitch/CinnamonHLS/build/hw/cinnamon_dispatch.xo
INFO: [SYSTEM_LINK 82-53] Creating IP database /home/CONNECT/xmeng027/work/ScaleOutKeyswitch/CinnamonHLS/build/hw/_tmp_link/link/sys_link/_sysl/.cdb/xd_ip_db.xml
INFO: [SYSTEM_LINK 82-38] [15:02:24] build_xd_ip_db started: /data-hdd/opt/Xilinx/Vitis/2024.1/bin/build_xd_ip_db -ip_search 0  -sds-pf /home/CONNECT/xmeng027/work/ScaleOutKeyswitch/CinnamonHLS/build/hw/_tmp_link/link/sys_link/hw.hpfm -clkid 0 -ip /home/CONNECT/xmeng027/work/ScaleOutKeyswitch/CinnamonHLS/build/hw/_tmp_link/link/sys_link/iprepo/xilinx_com_hls_cinnamon_base_conv_1_0,cinnamon_base_conv -ip /home/CONNECT/xmeng027/work/ScaleOutKeyswitch/CinnamonHLS/build/hw/_tmp_link/link/sys_link/iprepo/xilinx_com_hls_cinnamon_dispatch_1_0,cinnamon_dispatch -ip /home/CONNECT/xmeng027/work/ScaleOutKeyswitch/CinnamonHLS/build/hw/_tmp_link/link/sys_link/iprepo/xilinx_com_hls_cinnamon_memory_1_0,cinnamon_memory -ip /home/CONNECT/xmeng027/work/ScaleOutKeyswitch/CinnamonHLS/build/hw/_tmp_link/link/sys_link/iprepo/xilinx_com_hls_cinnamon_automorphism_1_0,cinnamon_automorphism -ip /home/CONNECT/xmeng027/work/ScaleOutKeyswitch/CinnamonHLS/build/hw/_tmp_link/link/sys_link/iprepo/xilinx_com_hls_cinnamon_arithmetic_1_0,cinnamon_arithmetic -ip /home/CONNECT/xmeng027/work/ScaleOutKeyswitch/CinnamonHLS/build/hw/_tmp_link/link/sys_link/iprepo/xilinx_com_hls_cinnamon_ntt_1_0,cinnamon_ntt -ip /home/CONNECT/xmeng027/work/ScaleOutKeyswitch/CinnamonHLS/build/hw/_tmp_link/link/sys_link/iprepo/xilinx_com_hls_cinnamon_transpose_1_0,cinnamon_transpose -ip /home/CONNECT/xmeng027/work/ScaleOutKeyswitch/CinnamonHLS/build/hw/_tmp_link/link/sys_link/iprepo/xilinx_com_hls_cinnamon_montgomery_1_0,cinnamon_montgomery -o /home/CONNECT/xmeng027/work/ScaleOutKeyswitch/CinnamonHLS/build/hw/_tmp_link/link/sys_link/_sysl/.cdb/xd_ip_db.xml
INFO: [SYSTEM_LINK 82-37] [15:02:42] build_xd_ip_db finished successfully
Time (s): cpu = 00:00:16 ; elapsed = 00:00:18 . Memory (MB): peak = 465.039 ; gain = 0.000 ; free physical = 1990214 ; free virtual = 2062817
INFO: [SYSTEM_LINK 82-51] Create system connectivity graph
INFO: [SYSTEM_LINK 82-102] Applying explicit connections to the system connectivity graph: /home/CONNECT/xmeng027/work/ScaleOutKeyswitch/CinnamonHLS/build/hw/_tmp_link/link/sys_link/cfgraph/cfgen_cfgraph.xml
INFO: [SYSTEM_LINK 82-38] [15:02:42] cfgen started: /data-hdd/opt/Xilinx/Vitis/2024.1/bin/cfgen  -sp cinnamon_memory_1.instructions:HBM[0] -sp cinnamon_memory_1.inputs:HBM[1] -sp cinnamon_memory_1.outputs:HBM[2] -dpa_mem_offload false -dpa_aie_mem_offload false -dmclkid 0 -r /home/CONNECT/xmeng027/work/ScaleOutKeyswitch/CinnamonHLS/build/hw/_tmp_link/link/sys_link/_sysl/.cdb/xd_ip_db.xml -o /home/CONNECT/xmeng027/work/ScaleOutKeyswitch/CinnamonHLS/build/hw/_tmp_link/link/sys_link/cfgraph/cfgen_cfgraph.xml
INFO: [CFGEN 83-0] Kernel Specs: 
INFO: [CFGEN 83-0]   kernel: cinnamon_arithmetic, num: 1  {cinnamon_arithmetic_1}
INFO: [CFGEN 83-0]   kernel: cinnamon_automorphism, num: 1  {cinnamon_automorphism_1}
INFO: [CFGEN 83-0]   kernel: cinnamon_base_conv, num: 1  {cinnamon_base_conv_1}
INFO: [CFGEN 83-0]   kernel: cinnamon_dispatch, num: 1  {cinnamon_dispatch_1}
INFO: [CFGEN 83-0]   kernel: cinnamon_memory, num: 1  {cinnamon_memory_1}
INFO: [CFGEN 83-0]   kernel: cinnamon_montgomery, num: 1  {cinnamon_montgomery_1}
INFO: [CFGEN 83-0]   kernel: cinnamon_ntt, num: 1  {cinnamon_ntt_1}
INFO: [CFGEN 83-0]   kernel: cinnamon_transpose, num: 1  {cinnamon_transpose_1}
INFO: [CFGEN 83-0] Port Specs: 
INFO: [CFGEN 83-0]   kernel: cinnamon_memory_1, k_port: instructions, sptag: HBM[0]
INFO: [CFGEN 83-0]   kernel: cinnamon_memory_1, k_port: inputs, sptag: HBM[1]
INFO: [CFGEN 83-0]   kernel: cinnamon_memory_1, k_port: outputs, sptag: HBM[2]
INFO: [CFGEN 83-2226] Inferring mapping for argument cinnamon_arithmetic_1.instructions to HBM[0]
INFO: [CFGEN 83-2226] Inferring mapping for argument cinnamon_arithmetic_1.inputs to HBM[1]
INFO: [CFGEN 83-2226] Inferring mapping for argument cinnamon_arithmetic_1.outputs to HBM[2]
INFO: [CFGEN 83-2226] Inferring mapping for argument cinnamon_automorphism_1.instructions to HBM[0]
INFO: [CFGEN 83-2226] Inferring mapping for argument cinnamon_automorphism_1.inputs to HBM[1]
INFO: [CFGEN 83-2226] Inferring mapping for argument cinnamon_automorphism_1.outputs to HBM[2]
INFO: [CFGEN 83-2226] Inferring mapping for argument cinnamon_base_conv_1.instructions to HBM[0]
INFO: [CFGEN 83-2226] Inferring mapping for argument cinnamon_base_conv_1.inputs to HBM[1]
INFO: [CFGEN 83-2226] Inferring mapping for argument cinnamon_base_conv_1.outputs to HBM[2]
INFO: [CFGEN 83-2226] Inferring mapping for argument cinnamon_dispatch_1.instructions to HBM[0]
INFO: [CFGEN 83-2226] Inferring mapping for argument cinnamon_dispatch_1.inputs to HBM[1]
INFO: [CFGEN 83-2226] Inferring mapping for argument cinnamon_dispatch_1.outputs to HBM[2]
INFO: [CFGEN 83-2226] Inferring mapping for argument cinnamon_montgomery_1.instructions to HBM[0]
INFO: [CFGEN 83-2226] Inferring mapping for argument cinnamon_montgomery_1.inputs to HBM[1]
INFO: [CFGEN 83-2226] Inferring mapping for argument cinnamon_montgomery_1.outputs to HBM[2]
INFO: [CFGEN 83-2226] Inferring mapping for argument cinnamon_ntt_1.instructions to HBM[0]
INFO: [CFGEN 83-2226] Inferring mapping for argument cinnamon_ntt_1.inputs to HBM[1]
INFO: [CFGEN 83-2226] Inferring mapping for argument cinnamon_ntt_1.outputs to HBM[2]
INFO: [CFGEN 83-2226] Inferring mapping for argument cinnamon_transpose_1.instructions to HBM[0]
INFO: [CFGEN 83-2226] Inferring mapping for argument cinnamon_transpose_1.inputs to HBM[1]
INFO: [CFGEN 83-2226] Inferring mapping for argument cinnamon_transpose_1.outputs to HBM[2]
INFO: [SYSTEM_LINK 82-37] [15:02:51] cfgen finished successfully
Time (s): cpu = 00:00:09 ; elapsed = 00:00:09 . Memory (MB): peak = 465.039 ; gain = 0.000 ; free physical = 1990294 ; free virtual = 2062899
INFO: [SYSTEM_LINK 82-52] Create top-level block diagram
INFO: [SYSTEM_LINK 82-38] [15:02:51] cf2bd started: /data-hdd/opt/Xilinx/Vitis/2024.1/bin/cf2bd  --linux --trace_buffer 1024 --input_file /home/CONNECT/xmeng027/work/ScaleOutKeyswitch/CinnamonHLS/build/hw/_tmp_link/link/sys_link/cfgraph/cfgen_cfgraph.xml --ip_db /home/CONNECT/xmeng027/work/ScaleOutKeyswitch/CinnamonHLS/build/hw/_tmp_link/link/sys_link/_sysl/.cdb/xd_ip_db.xml --cf_name dr --working_dir /home/CONNECT/xmeng027/work/ScaleOutKeyswitch/CinnamonHLS/build/hw/_tmp_link/link/sys_link/_sysl/.xsd --temp_dir /home/CONNECT/xmeng027/work/ScaleOutKeyswitch/CinnamonHLS/build/hw/_tmp_link/link/sys_link --output_dir /home/CONNECT/xmeng027/work/ScaleOutKeyswitch/CinnamonHLS/build/hw/_tmp_link/link/int --target_bd ulp.bd
INFO: [CF2BD 82-31] Launching cf2xd: cf2xd -linux -trace-buffer 1024 -i /home/CONNECT/xmeng027/work/ScaleOutKeyswitch/CinnamonHLS/build/hw/_tmp_link/link/sys_link/cfgraph/cfgen_cfgraph.xml -r /home/CONNECT/xmeng027/work/ScaleOutKeyswitch/CinnamonHLS/build/hw/_tmp_link/link/sys_link/_sysl/.cdb/xd_ip_db.xml -o dr.xml
INFO: [CF2BD 82-28] cf2xd finished successfully
INFO: [CF2BD 82-31] Launching cf_xsd: cf_xsd -disable-address-gen -bd ulp.bd -dn dr -dp /home/CONNECT/xmeng027/work/ScaleOutKeyswitch/CinnamonHLS/build/hw/_tmp_link/link/sys_link/_sysl/.xsd
INFO: [CF2BD 82-28] cf_xsd finished successfully
INFO: [SYSTEM_LINK 82-37] [15:03:02] cf2bd finished successfully
Time (s): cpu = 00:00:10 ; elapsed = 00:00:11 . Memory (MB): peak = 465.039 ; gain = 0.000 ; free physical = 1990255 ; free virtual = 2062866
INFO: [v++ 60-1441] [15:03:02] Run run_link: Step system_link: Completed
Time (s): cpu = 00:00:38 ; elapsed = 00:00:45 . Memory (MB): peak = 477.816 ; gain = 0.000 ; free physical = 1990316 ; free virtual = 2062928
INFO: [v++ 60-1443] [15:03:02] Run run_link: Step cf2sw: Started
INFO: [v++ 60-1453] Command Line: cf2sw -sdsl /home/CONNECT/xmeng027/work/ScaleOutKeyswitch/CinnamonHLS/build/hw/_tmp_link/link/int/sdsl.dat -rtd /home/CONNECT/xmeng027/work/ScaleOutKeyswitch/CinnamonHLS/build/hw/_tmp_link/link/int/cf2sw.rtd -nofilter /home/CONNECT/xmeng027/work/ScaleOutKeyswitch/CinnamonHLS/build/hw/_tmp_link/link/int/cf2sw_full.rtd -xclbin /home/CONNECT/xmeng027/work/ScaleOutKeyswitch/CinnamonHLS/build/hw/_tmp_link/link/int/xclbin_orig.xml -o /home/CONNECT/xmeng027/work/ScaleOutKeyswitch/CinnamonHLS/build/hw/_tmp_link/link/int/xclbin_orig.1.xml
INFO: [v++ 60-1454] Run Directory: /home/CONNECT/xmeng027/work/ScaleOutKeyswitch/CinnamonHLS/build/hw/_tmp_link/link/run_link
INFO: [v++ 60-1441] [15:03:15] Run run_link: Step cf2sw: Completed
Time (s): cpu = 00:00:13 ; elapsed = 00:00:13 . Memory (MB): peak = 477.816 ; gain = 0.000 ; free physical = 1990317 ; free virtual = 2062926
INFO: [v++ 60-1443] [15:03:15] Run run_link: Step rtd2_system_diagram: Started
INFO: [v++ 60-1453] Command Line: rtd2SystemDiagram
INFO: [v++ 60-1454] Run Directory: /home/CONNECT/xmeng027/work/ScaleOutKeyswitch/CinnamonHLS/build/hw/_tmp_link/link/run_link
INFO: [v++ 60-1441] [15:03:16] Run run_link: Step rtd2_system_diagram: Completed
Time (s): cpu = 00:00:00.01 ; elapsed = 00:00:00.78 . Memory (MB): peak = 477.816 ; gain = 0.000 ; free physical = 1990312 ; free virtual = 2062920
INFO: [v++ 60-1443] [15:03:16] Run run_link: Step vpl: Started
INFO: [v++ 60-1453] Command Line: vpl -t hw -f xilinx_u55c_gen3x16_xdma_3_202210_1 -s --kernel_frequency 200 --remote_ip_cache /home/CONNECT/xmeng027/work/ScaleOutKeyswitch/.ipcache --output_dir /home/CONNECT/xmeng027/work/ScaleOutKeyswitch/CinnamonHLS/build/hw/_tmp_link/link/int --log_dir /home/CONNECT/xmeng027/work/ScaleOutKeyswitch/CinnamonHLS/build/hw/_tmp_link/logs/link --report_dir /home/CONNECT/xmeng027/work/ScaleOutKeyswitch/CinnamonHLS/build/hw/_tmp_link/reports/link --config /home/CONNECT/xmeng027/work/ScaleOutKeyswitch/CinnamonHLS/build/hw/_tmp_link/link/int/vplConfig.ini -k /home/CONNECT/xmeng027/work/ScaleOutKeyswitch/CinnamonHLS/build/hw/_tmp_link/link/int/kernel_info.dat --webtalk_flag Vitis --temp_dir /home/CONNECT/xmeng027/work/ScaleOutKeyswitch/CinnamonHLS/build/hw/_tmp_link/link --no-info --iprepo /home/CONNECT/xmeng027/work/ScaleOutKeyswitch/CinnamonHLS/build/hw/_tmp_link/link/int/xo/ip_repo/xilinx_com_hls_cinnamon_montgomery_1_0 --iprepo /home/CONNECT/xmeng027/work/ScaleOutKeyswitch/CinnamonHLS/build/hw/_tmp_link/link/int/xo/ip_repo/xilinx_com_hls_cinnamon_dispatch_1_0 --iprepo /home/CONNECT/xmeng027/work/ScaleOutKeyswitch/CinnamonHLS/build/hw/_tmp_link/link/int/xo/ip_repo/xilinx_com_hls_cinnamon_arithmetic_1_0 --iprepo /home/CONNECT/xmeng027/work/ScaleOutKeyswitch/CinnamonHLS/build/hw/_tmp_link/link/int/xo/ip_repo/xilinx_com_hls_cinnamon_memory_1_0 --iprepo /home/CONNECT/xmeng027/work/ScaleOutKeyswitch/CinnamonHLS/build/hw/_tmp_link/link/int/xo/ip_repo/xilinx_com_hls_cinnamon_base_conv_1_0 --iprepo /home/CONNECT/xmeng027/work/ScaleOutKeyswitch/CinnamonHLS/build/hw/_tmp_link/link/int/xo/ip_repo/xilinx_com_hls_cinnamon_ntt_1_0 --iprepo /home/CONNECT/xmeng027/work/ScaleOutKeyswitch/CinnamonHLS/build/hw/_tmp_link/link/int/xo/ip_repo/xilinx_com_hls_cinnamon_transpose_1_0 --iprepo /home/CONNECT/xmeng027/work/ScaleOutKeyswitch/CinnamonHLS/build/hw/_tmp_link/link/int/xo/ip_repo/xilinx_com_hls_cinnamon_automorphism_1_0 --messageDb /home/CONNECT/xmeng027/work/ScaleOutKeyswitch/CinnamonHLS/build/hw/_tmp_link/link/run_link/vpl.pb /home/CONNECT/xmeng027/work/ScaleOutKeyswitch/CinnamonHLS/build/hw/_tmp_link/link/int/dr.bd.tcl
INFO: [v++ 60-1454] Run Directory: /home/CONNECT/xmeng027/work/ScaleOutKeyswitch/CinnamonHLS/build/hw/_tmp_link/link/run_link

****** vpl v2024.1 (64-bit)
  **** SW Build 5074859 on 2024-05-20-23:21:20
  **** Start of session at: Fri Apr 10 15:03:18 2026
    ** Copyright 1986-2022 Xilinx, Inc. All Rights Reserved.
    ** Copyright 2022-2024 Advanced Micro Devices, Inc. All Rights Reserved.

INFO: [VPL 60-839] Read in kernel information from file '/home/CONNECT/xmeng027/work/ScaleOutKeyswitch/CinnamonHLS/build/hw/_tmp_link/link/int/kernel_info.dat'.
INFO: [VPL 74-78] Compiler Version string: 2024.1
INFO: [VPL 60-423]   Target device: xilinx_u55c_gen3x16_xdma_3_202210_1
INFO: [VPL 60-1032] Extracting hardware platform to /home/CONNECT/xmeng027/work/ScaleOutKeyswitch/CinnamonHLS/build/hw/_tmp_link/link/vivado/vpl/.local/hw_platform
[15:03:43] Run vpl: Step create_project: Started
Creating Vivado project.
[15:03:56] Run vpl: Step create_project: Completed
[15:03:56] Run vpl: Step create_bd: Started
[15:05:08] Run vpl: Step create_bd: Completed
[15:05:08] Run vpl: Step update_bd: Started
[15:05:09] Run vpl: Step update_bd: Completed
[15:05:09] Run vpl: Step generate_target: Started
[15:06:25] Run vpl: Step generate_target: RUNNING...
[15:07:41] Run vpl: Step generate_target: RUNNING...
[15:08:57] Run vpl: Step generate_target: RUNNING...
[15:09:19] Run vpl: Step generate_target: Completed
[15:09:19] Run vpl: Step config_hw_runs: Started
[15:10:36] Run vpl: Step config_hw_runs: Completed
[15:10:36] Run vpl: Step synth: Started
[15:11:40] Block-level synthesis in progress, 0 of 148 jobs complete, 8 jobs running.
[15:12:12] Block-level synthesis in progress, 0 of 148 jobs complete, 8 jobs running.
[15:12:43] Block-level synthesis in progress, 3 of 148 jobs complete, 5 jobs running.
[15:13:15] Block-level synthesis in progress, 3 of 148 jobs complete, 8 jobs running.
[15:13:46] Block-level synthesis in progress, 3 of 148 jobs complete, 8 jobs running.
[15:14:17] Block-level synthesis in progress, 5 of 148 jobs complete, 6 jobs running.
[15:14:49] Block-level synthesis in progress, 6 of 148 jobs complete, 7 jobs running.
[15:15:20] Block-level synthesis in progress, 7 of 148 jobs complete, 7 jobs running.
[15:15:53] Block-level synthesis in progress, 9 of 148 jobs complete, 6 jobs running.
[15:16:24] Block-level synthesis in progress, 11 of 148 jobs complete, 7 jobs running.
[15:16:55] Block-level synthesis in progress, 11 of 148 jobs complete, 8 jobs running.
[15:17:27] Block-level synthesis in progress, 13 of 148 jobs complete, 6 jobs running.
[15:17:59] Block-level synthesis in progress, 18 of 148 jobs complete, 4 jobs running.
[15:18:31] Block-level synthesis in progress, 18 of 148 jobs complete, 8 jobs running.
[15:19:02] Block-level synthesis in progress, 19 of 148 jobs complete, 7 jobs running.
[15:19:47] Block-level synthesis in progress, 23 of 148 jobs complete, 4 jobs running.
[15:20:19] Block-level synthesis in progress, 25 of 148 jobs complete, 6 jobs running.
[15:20:50] Block-level synthesis in progress, 27 of 148 jobs complete, 6 jobs running.
[15:21:22] Block-level synthesis in progress, 29 of 148 jobs complete, 6 jobs running.
[15:21:54] Block-level synthesis in progress, 32 of 148 jobs complete, 6 jobs running.
[15:22:27] Block-level synthesis in progress, 33 of 148 jobs complete, 7 jobs running.
[15:22:59] Block-level synthesis in progress, 34 of 148 jobs complete, 7 jobs running.
[15:23:31] Block-level synthesis in progress, 37 of 148 jobs complete, 5 jobs running.
[15:24:03] Block-level synthesis in progress, 39 of 148 jobs complete, 6 jobs running.
[15:24:43] Block-level synthesis in progress, 41 of 148 jobs complete, 7 jobs running.
[15:25:15] Block-level synthesis in progress, 45 of 148 jobs complete, 4 jobs running.
[15:25:49] Block-level synthesis in progress, 50 of 148 jobs complete, 4 jobs running.
[15:26:21] Block-level synthesis in progress, 52 of 148 jobs complete, 6 jobs running.
[15:26:53] Block-level synthesis in progress, 56 of 148 jobs complete, 5 jobs running.
[15:27:24] Block-level synthesis in progress, 62 of 148 jobs complete, 4 jobs running.
[15:27:57] Block-level synthesis in progress, 68 of 148 jobs complete, 4 jobs running.
[15:28:29] Block-level synthesis in progress, 75 of 148 jobs complete, 4 jobs running.
[15:29:01] Block-level synthesis in progress, 78 of 148 jobs complete, 5 jobs running.
[15:29:34] Block-level synthesis in progress, 84 of 148 jobs complete, 5 jobs running.
[15:30:06] Block-level synthesis in progress, 87 of 148 jobs complete, 7 jobs running.
[15:30:39] Block-level synthesis in progress, 89 of 148 jobs complete, 6 jobs running.
[15:31:11] Block-level synthesis in progress, 92 of 148 jobs complete, 5 jobs running.
[15:31:52] Block-level synthesis in progress, 97 of 148 jobs complete, 4 jobs running.
[15:32:25] Block-level synthesis in progress, 101 of 148 jobs complete, 6 jobs running.
[15:32:58] Block-level synthesis in progress, 104 of 148 jobs complete, 7 jobs running.
[15:33:30] Block-level synthesis in progress, 108 of 148 jobs complete, 6 jobs running.
[15:34:03] Block-level synthesis in progress, 113 of 148 jobs complete, 3 jobs running.
[15:34:35] Block-level synthesis in progress, 119 of 148 jobs complete, 3 jobs running.
[15:35:08] Block-level synthesis in progress, 123 of 148 jobs complete, 5 jobs running.
[15:35:41] Block-level synthesis in progress, 129 of 148 jobs complete, 5 jobs running.
[15:36:13] Block-level synthesis in progress, 135 of 148 jobs complete, 2 jobs running.
[15:36:46] Block-level synthesis in progress, 140 of 148 jobs complete, 2 jobs running.
[15:37:19] Block-level synthesis in progress, 140 of 148 jobs complete, 3 jobs running.
[15:37:51] Block-level synthesis in progress, 142 of 148 jobs complete, 1 job running.
[15:38:24] Block-level synthesis in progress, 142 of 148 jobs complete, 2 jobs running.
[15:38:57] Block-level synthesis in progress, 142 of 148 jobs complete, 2 jobs running.
[15:39:29] Block-level synthesis in progress, 144 of 148 jobs complete, 0 jobs running.
[15:40:02] Block-level synthesis in progress, 144 of 148 jobs complete, 1 job running.
[15:40:35] Block-level synthesis in progress, 144 of 148 jobs complete, 1 job running.
[15:41:08] Block-level synthesis in progress, 145 of 148 jobs complete, 0 jobs running.
[15:41:40] Block-level synthesis in progress, 145 of 148 jobs complete, 1 job running.
[15:42:12] Block-level synthesis in progress, 145 of 148 jobs complete, 1 job running.
[15:42:45] Block-level synthesis in progress, 145 of 148 jobs complete, 1 job running.
[15:43:17] Block-level synthesis in progress, 145 of 148 jobs complete, 1 job running.
[15:43:50] Block-level synthesis in progress, 145 of 148 jobs complete, 1 job running.
[15:44:15] Run vpl: Step synth: Completed
[15:44:15] Run vpl: Step impl: Started
[16:07:06] Finished 2nd of 6 tasks (FPGA linking synthesized kernels to platform). Elapsed time: 01h 03m 48s 

[16:07:06] Starting logic optimization..
[16:07:39] Phase 1 Initialization
[16:07:39] Phase 1.1 Core Generation And Design Setup
[16:08:45] Phase 1.2 Setup Constraints And Sort Netlist
[16:08:45] Phase 2 Timer Update And Timing Data Collection
[16:08:45] Phase 2.1 Timer Update
[16:09:18] Phase 2.2 Timing Data Collection
[16:09:50] Phase 3 Retarget
[16:10:23] Phase 4 Constant propagation
[16:10:23] Phase 5 Sweep
[16:11:29] Phase 6 BUFG optimization
[16:12:01] Phase 7 Shift Register Optimization
[16:12:01] Phase 8 Post Processing Netlist
[16:12:01] Phase 9 Finalization
[16:12:01] Phase 9.1 Finalizing Design Cores and Updating Shapes
[16:12:34] Phase 9.2 Verifying Netlist Connectivity
[16:13:06] Finished 3rd of 6 tasks (FPGA logic optimization). Elapsed time: 00h 06m 00s 

[16:13:06] Starting logic placement..
[16:14:11] Phase 1 Placer Initialization
[16:14:11] Phase 1.1 Placer Initialization Netlist Sorting
[16:16:22] Phase 1.2 IO Placement/ Clock Placement/ Build Placer Device
[16:18:32] Phase 1.3 Build Placer Netlist Model
[16:24:01] Phase 1.4 Constrain Clocks/Macros
[16:25:07] Phase 2 Global Placement
[16:25:07] Phase 2.1 Floorplanning
[16:27:51] Phase 2.1.1 Partition Driven Placement
[16:27:51] Phase 2.1.1.1 PBP: Partition Driven Placement
[16:35:32] Phase 2.1.1.2 PBP: Clock Region Placement
[16:36:38] Phase 2.1.1.3 PBP: Compute Congestion
[16:37:11] Phase 2.1.1.4 PBP: UpdateTiming
[16:38:17] Phase 2.1.1.5 PBP: Add part constraints
[16:38:17] Phase 2.2 Physical Synthesis After Floorplan
[16:39:56] Phase 2.3 Update Timing before SLR Path Opt
[16:39:56] Phase 2.4 Post-Processing in Floorplanning
[16:39:56] Phase 2.5 Global Placement Core
[17:04:39] Phase 2.5.1 UpdateTiming Before Physical Synthesis
[17:05:45] Phase 2.5.2 Physical Synthesis In Placer
[17:11:13] Phase 3 Detail Placement
[17:12:18] Phase 3.1 Commit Multi Column Macros
[17:12:18] Phase 3.2 Commit Most Macros & LUTRAMs
[17:24:26] Phase 3.3 Small Shape DP
[17:24:26] Phase 3.3.1 Small Shape Clustering
[17:34:18] Run vpl: Step impl: Failed
[17:34:20] Run vpl: FINISHED. Run Status: impl ERROR

===>The following messages were generated while processing /home/CONNECT/xmeng027/work/ScaleOutKeyswitch/CinnamonHLS/build/hw/_tmp_link/link/vivado/vpl/prj/prj.runs/impl_1 :
ERROR: [VPL 30-487] The packing of instances into a set of CLBs defined by a pblock constraint could not be obeyed. There are a total of 143280 CLBs in the pblock, of which 14035 CLBs are available, however, the unplaced instances require 15125 CLBs. The unavailable CLBs are either taken by placed instances or are blocked due to exclude placement constraints. Please analyze your design to determine if the pblock can be resized or the number of LUTs, FFs, and/or control sets can be reduced.

Number of control sets and instances constrained to the pBlock
	Control sets: 2444
	Luts: 345335 (combined) 618864 (total), available capacity: 1146240 
	Flip flops: 773064, available capacity: 2292480
	NOTE: each CLB can only accommodate up to 4 unique control sets so FFs cannot be packed to fully fill every CLB

To attempt placement at higher effort levels at the expense of runtime, please use the following tcl command, setting the value of limit to 2000 or more.
	Names of first 20 cells:
		GND  level0_i/ulp/GND
		VCC  level0_i/ulp/hmss_0/inst/path_11/VCC
		bd_85ad_vip_S02_0  level0_i/ulp/hmss_0/inst/vip_S02
		VCC  level0_i/ulp/hmss_0/inst/path_14/VCC
		VCC  level0_i/ulp/hmss_0/inst/path_12/VCC
		VCC  level0_i/ulp/hmss_0/inst/path_15/VCC
		VCC  level0_i/ulp/hmss_0/inst/path_13/VCC
		VCC  level0_i/ulp/hmss_0/inst/path_18/VCC
		VCC  level0_i/ulp/hmss_0/inst/path_16/VCC
		VCC  level0_i/ulp/hmss_0/inst/path_2/VCC
		bd_85ad_vip_S03_0  level0_i/ulp/hmss_0/inst/vip_S03
		bd_85ad_vip_S04_0  level0_i/ulp/hmss_0/inst/vip_S04
		VCC  level0_i/ulp/hmss_0/inst/path_17/VCC
		bd_85ad_vip_S24_0  level0_i/ulp/hmss_0/inst/vip_S24
		bd_85ad_vip_S23_0  level0_i/ulp/hmss_0/inst/vip_S23
		bd_85ad_vip_S22_0  level0_i/ulp/hmss_0/inst/vip_S22
		bd_85ad_vip_S21_0  level0_i/ulp/hmss_0/inst/vip_S21
		bd_85ad_vip_S20_0  level0_i/ulp/hmss_0/inst/vip_S20
		bd_85ad_vip_S19_0  level0_i/ulp/hmss_0/inst/vip_S19
		bd_85ad_vip_S18_0  level0_i/ulp/hmss_0/inst/vip_S18

Pblock name: "pblock_dynamic_region"
Pblock range: URAM288_X0Y0:URAM288_X4Y191
RIU_OR_X0Y20:RIU_OR_X0Y47
RIU_OR_X0Y8:RIU_OR_X0Y15
RIU_OR_X0Y0:RIU_OR_X0Y3
RAMB36_X12Y132:RAMB36_X13Y143
RAMB36_X12Y0:RAMB36_X13Y11
RAMB36_X0Y0:RAMB36_X11Y143
RAMB18_X12Y264:RAMB18_X13Y287
RAMB18_X12Y0:RAMB18_X13Y23
RAMB18_X0Y0:RAMB18_X11Y287
PLL_X0Y10:PLL_X0Y23
PLL_X0Y4:PLL_X0Y7
PLL_X0Y0:PLL_X0Y1
PCIE4CE4_X0Y0:PCIE4CE4_X0Y1
MMCM_X0Y5:MMCM_X0Y11
MMCM_X0Y2:MMCM_X0Y3
MMCM_X0Y0:MMCM_X0Y0
LAGUNA_X28Y480:LAGUNA_X31Y599
LAGUNA_X0Y0:LAGUNA_X27Y599
IOB_X0Y260:IOB_X0Y623
IOB_X0Y104:IOB_X0Y207
IOB_X0Y0:IOB_X0Y51
ILKNE4_X1Y3:ILKNE4_X1Y3
ILKNE4_X0Y2:ILKNE4_X0Y2
ILKNE4_X0Y0:ILKNE4_X0Y0
HPIO_VREF_SITE_X0Y10:HPIO_VREF_SITE_X0Y23
HPIO_VREF_SITE_X0Y4:HPIO_VREF_SITE_X0Y7
HPIO_VREF_SITE_X0Y0:HPIO_VREF_SITE_X0Y1
HPIO_RCLK_PRBS_X0Y5:HPIO_RCLK_PRBS_X0Y11
HPIO_RCLK_PRBS_X0Y2:HPIO_RCLK_PRBS_X0Y3
HPIO_RCLK_PRBS_X0Y0:HPIO_RCLK_PRBS_X0Y0
HPIOB_DCI_SNGL_X0Y20:HPIOB_DCI_SNGL_X0Y47
HPIOB_DCI_SNGL_X0Y8:HPIOB_DCI_SNGL_X0Y15
HPIOB_DCI_SNGL_X0Y0:HPIOB_DCI_SNGL_X0Y3
HPIOBDIFFOUTBUF_X0Y120:HPIOBDIFFOUTBUF_X0Y287
HPIOBDIFFOUTBUF_X0Y48:HPIOBDIFFOUTBUF_X0Y95
HPIOBDIFFOUTBUF_X0Y0:HPIOBDIFFOUTBUF_X0Y23
HPIOBDIFFINBUF_X0Y120:HPIOBDIFFINBUF_X0Y287
HPIOBDIFFINBUF_X0Y48:HPIOBDIFFINBUF_X0Y95
HPIOBDIFFINBUF_X0Y0:HPIOBDIFFINBUF_X0Y23
HBM_REF_CLK_X0Y0:HBM_REF_CLK_X0Y1
HARD_SYNC_X24Y22:HARD_SYNC_X27Y23
HARD_SYNC_X24Y0:HARD_SYNC_X27Y1
HARD_SYNC_X0Y0:HARD_SYNC_X23Y23
GTYE4_COMMON_X1Y11:GTYE4_COMMON_X1Y11
GTYE4_COMMON_X0Y0:GTYE4_COMMON_X0Y11
GTYE4_CHANNEL_X1Y44:GTYE4_CHANNEL_X1Y47
GTYE4_CHANNEL_X0Y0:GTYE4_CHANNEL_X0Y47
DSP48E2_X30Y258:DSP48E2_X31Y281
DSP48E2_X29Y0:DSP48E2_X31Y17
DSP48E2_X29Y186:DSP48E2_X29Y281
DSP48E2_X0Y0:DSP48E2_X28Y281
CONFIG_SITE_X0Y2:CONFIG_SITE_X0Y2
CMACE4_X0Y0:CMACE4_X0Y7
BUFG_GT_SYNC_X1Y165:BUFG_GT_SYNC_X1Y179
BUFG_GT_SYNC_X0Y0:BUFG_GT_SYNC_X0Y179
BUFG_GT_X1Y264:BUFG_GT_X1Y287
BUFG_GT_X0Y0:BUFG_GT_X0Y287
BUFGCTRL_X0Y40:BUFGCTRL_X0Y95
BUFGCTRL_X0Y16:BUFGCTRL_X0Y31
BUFGCTRL_X0Y0:BUFGCTRL_X0Y7
BUFGCE_DIV_X0Y20:BUFGCE_DIV_X0Y47
BUFGCE_DIV_X0Y8:BUFGCE_DIV_X0Y15
BUFGCE_DIV_X0Y0:BUFGCE_DIV_X0Y3
BUFGCE_X0Y120:BUFGCE_X0Y287
BUFGCE_X0Y48:BUFGCE_X0Y95
BUFGCE_X0Y0:BUFGCE_X0Y23
BLI_HBM_AXI_INTF_X0Y0:BLI_HBM_AXI_INTF_X31Y0
BLI_HBM_APB_INTF_X0Y0:BLI_HBM_APB_INTF_X31Y0
BITSLICE_TX_X0Y40:BITSLICE_TX_X0Y95
BITSLICE_TX_X0Y16:BITSLICE_TX_X0Y31
BITSLICE_TX_X0Y0:BITSLICE_TX_X0Y7
BITSLICE_RX_TX_X0Y260:BITSLICE_RX_TX_X0Y623
BITSLICE_RX_TX_X0Y104:BITSLICE_RX_TX_X0Y207
BITSLICE_RX_TX_X0Y0:BITSLICE_RX_TX_X0Y51
BITSLICE_CONTROL_X0Y40:BITSLICE_CONTROL_X0Y95
BITSLICE_CONTROL_X0Y16:BITSLICE_CONTROL_X0Y31
BITSLICE_CONTROL_X0Y0:BITSLICE_CONTROL_X0Y7
BIAS_X0Y10:BIAS_X0Y23
BIAS_X0Y4:BIAS_X0Y7
BIAS_X0Y0:BIAS_X0Y1
SLICE_X226Y660:SLICE_X232Y719
SLICE_X222Y0:SLICE_X231Y59
SLICE_X215Y660:SLICE_X224Y719
SLICE_X220Y540:SLICE_X221Y599
SLICE_X197Y0:SLICE_X219Y59
SLICE_X206Y660:SLICE_X213Y719
SLICE_X197Y480:SLICE_X205Y719
SLICE_X195Y0:SLICE_X196Y719
SLICE_X194Y540:SLICE_X194Y659
SLICE_X194Y300:SLICE_X194Y419
SLICE_X194Y0:SLICE_X194Y179
SLICE_X183Y0:SLICE_X193Y719
SLICE_X182Y540:SLICE_X182Y659
SLICE_X182Y300:SLICE_X182Y419
SLICE_X182Y0:SLICE_X182Y179
SLICE_X165Y0:SLICE_X181Y719
SLICE_X164Y540:SLICE_X164Y659
SLICE_X164Y300:SLICE_X164Y419
SLICE_X164Y0:SLICE_X164Y179
SLICE_X153Y0:SLICE_X163Y719
SLICE_X152Y540:SLICE_X152Y659
SLICE_X152Y300:SLICE_X152Y419
SLICE_X152Y0:SLICE_X152Y179
SLICE_X140Y0:SLICE_X151Y719
SLICE_X139Y540:SLICE_X139Y659
SLICE_X139Y300:SLICE_X139Y419
SLICE_X139Y0:SLICE_X139Y179
SLICE_X125Y0:SLICE_X138Y719
SLICE_X124Y540:SLICE_X124Y659
SLICE_X124Y300:SLICE_X124Y419
SLICE_X124Y0:SLICE_X124Y179
SLICE_X118Y0:SLICE_X123Y719
SLICE_X117Y300:SLICE_X117Y719
SLICE_X117Y120:SLICE_X117Y239
SLICE_X117Y0:SLICE_X117Y59
SLICE_X112Y0:SLICE_X116Y719
SLICE_X111Y540:SLICE_X111Y659
SLICE_X111Y300:SLICE_X111Y419
SLICE_X111Y0:SLICE_X111Y179
SLICE_X98Y0:SLICE_X110Y719
SLICE_X97Y540:SLICE_X97Y659
SLICE_X97Y300:SLICE_X97Y419
SLICE_X97Y0:SLICE_X97Y179
SLICE_X86Y0:SLICE_X96Y719
SLICE_X85Y540:SLICE_X85Y659
SLICE_X85Y300:SLICE_X85Y419
SLICE_X85Y0:SLICE_X85Y179
SLICE_X64Y0:SLICE_X84Y719
SLICE_X63Y540:SLICE_X63Y659
SLICE_X63Y300:SLICE_X63Y419
SLICE_X63Y0:SLICE_X63Y179
SLICE_X51Y0:SLICE_X62Y719
SLICE_X50Y540:SLICE_X50Y659
SLICE_X50Y300:SLICE_X50Y419
SLICE_X50Y0:SLICE_X50Y179
SLICE_X38Y0:SLICE_X49Y719
SLICE_X37Y540:SLICE_X37Y659
SLICE_X37Y300:SLICE_X37Y419
SLICE_X37Y0:SLICE_X37Y179
SLICE_X20Y0:SLICE_X36Y719
SLICE_X19Y540:SLICE_X19Y659
SLICE_X19Y300:SLICE_X19Y419
SLICE_X19Y0:SLICE_X19Y179
SLICE_X9Y0:SLICE_X18Y719
SLICE_X8Y540:SLICE_X8Y659
SLICE_X8Y300:SLICE_X8Y419
SLICE_X8Y0:SLICE_X8Y179
SLICE_X0Y0:SLICE_X7Y719


ERROR: [VPL 30-99] Placer failed with error: 'Detail Placement failed please check previous errors for details.'
Please review all ERROR, CRITICAL WARNING, and WARNING messages during placement to understand the cause for failure.
ERROR: [VPL 17-69] Command failed: Placer could not place all instances

===>The following messages were generated while  creating FPGA bitstream. Log file: /home/CONNECT/xmeng027/work/ScaleOutKeyswitch/CinnamonHLS/build/hw/_tmp_link/link/vivado/vpl/runme.log :
ERROR: [VPL 12-13638] Failed runs(s) : 'impl_1'
ERROR: [VPL 60-773] In '/home/CONNECT/xmeng027/work/ScaleOutKeyswitch/CinnamonHLS/build/hw/_tmp_link/link/vivado/vpl/vivado.log', caught Tcl error:  ERROR: [Common 17-39] 'wait_on_runs' failed due to earlier errors.
WARNING: [VPL 60-732] Link warning: No monitor points found for BD automation.
WARNING: [VPL 60-732] Link warning: The available LUTs may not be sufficient to accommodate the kernels
ERROR: [VPL 60-704] Integration error, Failed to complete hardware generation. The run name is 'impl_1'. An error stack with function names and arguments may be available in the 'vivado.log'.
ERROR: [VPL 60-1328] Vpl run 'vpl' failed
ERROR: [VPL 60-806] Failed to finish platform linker
INFO: [v++ 60-1442] [17:34:25] Run run_link: Step vpl: Failed
Time (s): cpu = 00:04:33 ; elapsed = 02:31:09 . Memory (MB): peak = 477.816 ; gain = 0.000 ; free physical = 1981812 ; free virtual = 2058579
ERROR: [v++ 60-661] v++ link run 'run_link' failed
ERROR: [v++ 60-626] Kernel link failed to complete
ERROR: [v++ 60-703] Failed to finish linking
INFO: [v++ 60-1653] Closing dispatch client.
